<?xml version="1.0" encoding="UTF-8"?>
<testng-results skipped="0" failed="0" ignored="0" total="1" passed="1">
  <reporter-output>
  </reporter-output>
  <suite name="QureAiTest Suite" duration-ms="79758" started-at="2022-04-22T19:56:50Z" finished-at="2022-04-22T19:58:10Z">
    <groups>
      <group name="cucumber">
        <method signature="AbstractTestNGCucumberTests.feature(cucumber.api.testng.CucumberFeatureWrapper)[pri:0, instance:commonUtils.TestRunner@4b952a2d]" name="feature" class="cucumber.api.testng.AbstractTestNGCucumberTests"/>
      </group> <!-- cucumber -->
    </groups>
    <test name="QureAiTestcase" duration-ms="79758" started-at="2022-04-22T19:56:50Z" finished-at="2022-04-22T19:58:10Z">
      <class name="commonUtils.TestRunner">
        <test-method status="PASS" signature="setUpClass()[pri:0, instance:commonUtils.TestRunner@4b952a2d]" name="setUpClass" is-config="true" duration-ms="377" started-at="2022-04-22T19:56:50Z" finished-at="2022-04-22T19:56:51Z">
          <reporter-output>
          </reporter-output>
        </test-method> <!-- setUpClass -->
        <test-method status="PASS" signature="feature(cucumber.api.testng.CucumberFeatureWrapper)[pri:0, instance:commonUtils.TestRunner@4b952a2d]" name="feature" duration-ms="78696" started-at="2022-04-22T19:56:51Z" description="Runs Cucumber Feature" data-provider="features" finished-at="2022-04-22T19:58:09Z">
          <params>
            <param index="0">
              <value>
                <![CDATA[QureAi Login  page automation]]>
              </value>
            </param>
          </params>
          <reporter-output>
          </reporter-output>
        </test-method> <!-- feature -->
        <test-method status="PASS" signature="tearDownClass()[pri:0, instance:commonUtils.TestRunner@4b952a2d]" name="tearDownClass" is-config="true" duration-ms="533" started-at="2022-04-22T19:58:09Z" finished-at="2022-04-22T19:58:10Z">
          <reporter-output>
          </reporter-output>
        </test-method> <!-- tearDownClass -->
        <test-method status="PASS" signature="setup()[pri:0, instance:commonUtils.TestRunner@4b952a2d]" name="setup" is-config="true" duration-ms="0" started-at="2022-04-22T19:58:10Z" finished-at="2022-04-22T19:58:10Z">
          <reporter-output>
          </reporter-output>
        </test-method> <!-- setup -->
      </class> <!-- commonUtils.TestRunner -->
    </test> <!-- QureAiTestcase -->
  </suite> <!-- QureAiTest Suite -->
</testng-results>
